Sep 25 14:51:31  Before open_channel_connection->WaitForMultipleObjects [df9c28]
Sep 25 14:51:31  Opening connection to CM1.esignal.Com:2194 [df9c28]
Sep 25 14:51:31  Before open_channel_connection->WaitForMultipleObjects [df9c28]
Sep 25 14:51:31  Opening connection to CM2.esignal.Com:2194 [df9c28]
Sep 25 14:51:31  Before open_channel_connection->WaitForMultipleObjects [df9c28]
Sep 25 14:51:31  Opening connection to CM3.esignal.Com:2194 [df9c28]
Sep 25 14:51:31  Before open_channel_connection->WaitForMultipleObjects [dc8990]
Sep 25 14:51:31  Opening connection to CM1.esignal.Com:2192 [dc8990]
Sep 25 14:51:31  Before open_channel_connection->WaitForMultipleObjects [df9c28]
Sep 25 14:51:31  Opening connection to CM4.esignal.Com:2194 [df9c28]
Sep 25 14:51:31  Before open_channel_connection->WaitForMultipleObjects [dc8990]
Sep 25 14:51:31  Opening connection to CM2.esignal.Com:2192 [dc8990]
Sep 25 14:51:31  Before open_channel_connection->WaitForMultipleObjects [df9c28]
Sep 25 14:51:31  Opening connection to CM5.esignal.Com:2194 [df9c28]
Sep 25 14:51:31  Before open_channel_connection->WaitForMultipleObjects [dc8990]
Sep 25 14:51:31  Opening connection to CM3.esignal.Com:2192 [dc8990]
Sep 25 14:51:31  Before open_channel_connection->WaitForMultipleObjects [df9c28]
Sep 25 14:51:31  Opening connection to CM6.esignal.Com:2194 [df9c28]
Sep 25 14:51:31  Before open_channel_connection->WaitForMultipleObjects [dc8990]
Sep 25 14:51:31  Opening connection to CM4.esignal.Com:2192 [dc8990]
Sep 25 14:51:31  Before open_channel_connection->WaitForMultipleObjects [df9c28]
Sep 25 14:51:31  Opening connection to CM7.esignal.Com:2194 [df9c28]
Sep 25 14:51:31  Before open_channel_connection->WaitForMultipleObjects [dc8990]
Sep 25 14:51:31  Opening connection to CM5.esignal.Com:2192 [dc8990]
Sep 25 14:51:31  Before open_channel_connection->WaitForMultipleObjects [df9c28]
Sep 25 14:51:31  Opening connection to CM8.esignal.Com:2194 [df9c28]
Sep 25 14:51:31  Before open_channel_connection->WaitForMultipleObjects [dc8990]
Sep 25 14:51:31  Opening connection to CM6.esignal.Com:2192 [dc8990]
Sep 25 14:51:31  Before open_channel_connection->WaitForMultipleObjects [df9c28]
Sep 25 14:51:31  Opening connection to CM9.esignal.Com:2194 [df9c28]
Sep 25 14:51:31  Before open_channel_connection->WaitForMultipleObjects [dc8990]
Sep 25 14:51:31  Opening connection to CM7.esignal.Com:2192 [dc8990]
Sep 25 14:51:31  Before open_channel_connection->WaitForMultipleObjects [df9c28]
Sep 25 14:51:31  Opening connection to CM0.esignal.Com:2194 [df9c28]
Sep 25 14:51:31  Before open_channel_connection->WaitForMultipleObjects [dc8990]
Sep 25 14:51:31  Opening connection to CM8.esignal.Com:2192 [dc8990]
Sep 25 14:51:31  Before open_channel_connection->WaitForMultipleObjects [df9c28]
Sep 25 14:51:31  Opening connection to CMa.esignal.Com:2194 [df9c28]
Sep 25 14:51:31  Before open_channel_connection->WaitForMultipleObjects [dc8990]
Sep 25 14:51:31  Opening connection to CM9.esignal.Com:2192 [dc8990]
Sep 25 14:51:31  Before open_channel_connection->WaitForMultipleObjects [df9c28]
Sep 25 14:51:31  Opening connection to CMb.esignal.Com:2194 [df9c28]
Sep 25 14:51:31  Before open_channel_connection->WaitForMultipleObjects [dc8990]
Sep 25 14:51:31  Opening connection to CM0.esignal.Com:2192 [dc8990]
Sep 25 14:51:31  Before open_channel_connection->WaitForMultipleObjects [df9c28]
Sep 25 14:51:31  Opening connection to CMc.esignal.Com:2194 [df9c28]
Sep 25 14:51:31  Before open_channel_connection->WaitForMultipleObjects [dc8990]
Sep 25 14:51:31  Opening connection to CMa.esignal.Com:2192 [dc8990]
Sep 25 14:51:31  Before open_channel_connection->WaitForMultipleObjects [df9c28]
Sep 25 14:51:31  Opening connection to CMd.esignal.Com:2194 [df9c28]
Sep 25 14:51:31  Before open_channel_connection->WaitForMultipleObjects [dc8990]
Sep 25 14:51:31  Opening connection to CMb.esignal.Com:2192 [dc8990]
Sep 25 14:51:31  Before open_channel_connection->WaitForMultipleObjects [de1298]
Sep 25 14:51:31  Before open_channel_connection->WaitForMultipleObjects [df9c28]
Sep 25 14:51:31  Opening connection to CM1.esignal.Com:2193 [de1298]
Sep 25 14:51:31  Opening connection to CMe.esignal.Com:2194 [df9c28]
Sep 25 14:51:31  Before open_channel_connection->WaitForMultipleObjects [dc8990]
Sep 25 14:51:31  Opening connection to CMc.esignal.Com:2192 [dc8990]
Sep 25 14:51:31  Before open_channel_connection->WaitForMultipleObjects [df9c28]
Sep 25 14:51:31  Before open_channel_connection->WaitForMultipleObjects [de1298]
Sep 25 14:51:31  Opening connection to CMf.esignal.Com:2194 [df9c28]
Sep 25 14:51:31  Opening connection to CM2.esignal.Com:2193 [de1298]
Sep 25 14:51:31  Before open_channel_connection->WaitForMultipleObjects [dc8990]
Sep 25 14:51:31  Opening connection to CMd.esignal.Com:2192 [dc8990]
Sep 25 14:51:31  Before open_channel_connection->WaitForMultipleObjects [df9c28]
Sep 25 14:51:31  Before open_channel_connection->WaitForMultipleObjects [de1298]
Sep 25 14:51:31  Opening connection to CMg.esignal.Com:2194 [df9c28]
Sep 25 14:51:31  Opening connection to CM3.esignal.Com:2193 [de1298]
Sep 25 14:51:31  Before open_channel_connection->WaitForMultipleObjects [dc8990]
Sep 25 14:51:31  Opening connection to CMe.esignal.Com:2192 [dc8990]
Sep 25 14:51:31  Before open_channel_connection->WaitForMultipleObjects [df9c28]
Sep 25 14:51:31  Before open_channel_connection->WaitForMultipleObjects [de1298]
Sep 25 14:51:31  Opening connection to CMh.esignal.Com:2194 [df9c28]
Sep 25 14:51:31  Opening connection to CM4.esignal.Com:2193 [de1298]
Sep 25 14:51:31  Before open_channel_connection->WaitForMultipleObjects [dc8990]
Sep 25 14:51:31  Opening connection to CMf.esignal.Com:2192 [dc8990]
Sep 25 14:51:31  Before open_channel_connection->WaitForMultipleObjects [df9c28]
Sep 25 14:51:31  Before open_channel_connection->WaitForMultipleObjects [de1298]
Sep 25 14:51:31  Opening connection to CM5.esignal.Com:2193 [de1298]
Sep 25 14:51:31  Opening connection to CMi.esignal.Com:2194 [df9c28]
Sep 25 14:51:31  Before open_channel_connection->WaitForMultipleObjects [dc8990]
Sep 25 14:51:31  Opening connection to CMg.esignal.Com:2192 [dc8990]
Sep 25 14:51:31  Before open_channel_connection->WaitForMultipleObjects [df9c28]
Sep 25 14:51:31  Before open_channel_connection->WaitForMultipleObjects [de1298]
Sep 25 14:51:31  Opening connection to CM6.esignal.Com:2193 [de1298]
Sep 25 14:51:31  Opening connection to CMj.esignal.Com:2194 [df9c28]
Sep 25 14:51:31  Before open_channel_connection->WaitForMultipleObjects [dc8990]
Sep 25 14:51:31  Opening connection to CMh.esignal.Com:2192 [dc8990]
Sep 25 14:51:31  Before open_channel_connection->WaitForMultipleObjects [df9c28]
Sep 25 14:51:31  Before open_channel_connection->WaitForMultipleObjects [de1298]
Sep 25 14:51:31  Opening connection to CM7.esignal.Com:2193 [de1298]
Sep 25 14:51:31  Opening connection to CMk.esignal.Com:2194 [df9c28]
Sep 25 14:51:31  Before open_channel_connection->WaitForMultipleObjects [dc8990]
Sep 25 14:51:31  Opening connection to CMi.esignal.Com:2192 [dc8990]
Sep 25 14:51:31  Before open_channel_connection->WaitForMultipleObjects [df9c28]
Sep 25 14:51:31  Opening connection to CMl.esignal.Com:2194 [df9c28]
Sep 25 14:51:31  Opening connection to CM8.esignal.Com:2193 [de1298]
Sep 25 14:51:31  Before open_channel_connection->WaitForMultipleObjects [de1298]
Sep 25 14:51:31  Before open_channel_connection->WaitForMultipleObjects [dc8990]
Sep 25 14:51:31  Opening connection to CMj.esignal.Com:2192 [dc8990]
Sep 25 14:51:31  Before open_channel_connection->WaitForMultipleObjects [df9c28]
Sep 25 14:51:31  Before open_channel_connection->WaitForMultipleObjects [de1298]
Sep 25 14:51:31  Opening connection to CM9.esignal.Com:2193 [de1298]
Sep 25 14:51:31  Opening connection to CMm.esignal.Com:2194 [df9c28]
Sep 25 14:51:31  Before open_channel_connection->WaitForMultipleObjects [dc8990]
Sep 25 14:51:31  Opening connection to CMk.esignal.Com:2192 [dc8990]
Sep 25 14:51:31  Before open_channel_connection->WaitForMultipleObjects [df9c28]
Sep 25 14:51:31  Before open_channel_connection->WaitForMultipleObjects [de1298]
Sep 25 14:51:31  Opening connection to CMn.esignal.Com:2194 [df9c28]
Sep 25 14:51:31  Opening connection to CM0.esignal.Com:2193 [de1298]
Sep 25 14:51:31  Before open_channel_connection->WaitForMultipleObjects [dc8990]
Sep 25 14:51:31  Opening connection to CMl.esignal.Com:2192 [dc8990]
Sep 25 14:51:31  Before open_channel_connection->WaitForMultipleObjects [df9c28]
Sep 25 14:51:31  Before open_channel_connection->WaitForMultipleObjects [de1298]
Sep 25 14:51:31  Opening connection to CMa.esignal.Com:2193 [de1298]
Sep 25 14:51:31  Opening connection to CMo.esignal.Com:2194 [df9c28]
Sep 25 14:51:32  Before open_channel_connection->WaitForMultipleObjects [dc8990]
Sep 25 14:51:32  Opening connection to CMm.esignal.Com:2192 [dc8990]
Sep 25 14:51:32  Before open_channel_connection->WaitForMultipleObjects [de1298]
Sep 25 14:51:32  Before open_channel_connection->WaitForMultipleObjects [df9c28]
Sep 25 14:51:32  Opening connection to CMp.esignal.Com:2194 [df9c28]
Sep 25 14:51:32  Opening connection to CMb.esignal.Com:2193 [de1298]
Sep 25 14:51:32  Before open_channel_connection->WaitForMultipleObjects [dc8990]
Sep 25 14:51:32  Opening connection to CMn.esignal.Com:2192 [dc8990]
Sep 25 14:51:32  Before open_channel_connection->WaitForMultipleObjects [df9c28]
Sep 25 14:51:32  Opening connection to CMq.esignal.Com:2194 [df9c28]
Sep 25 14:51:32  Before open_channel_connection->WaitForMultipleObjects [de1298]
Sep 25 14:51:32  Opening connection to CMc.esignal.Com:2193 [de1298]
Sep 25 14:51:32  Before open_channel_connection->WaitForMultipleObjects [dc8990]
Sep 25 14:51:32  Opening connection to CMo.esignal.Com:2192 [dc8990]
Sep 25 14:51:32  Before open_channel_connection->WaitForMultipleObjects [df9c28]
Sep 25 14:51:32  Opening connection to CMr.esignal.Com:2194 [df9c28]
Sep 25 14:51:32  Before open_channel_connection->WaitForMultipleObjects [de1298]
Sep 25 14:51:32  Opening connection to CMd.esignal.Com:2193 [de1298]
Sep 25 14:51:32  Before open_channel_connection->WaitForMultipleObjects [dc8990]
Sep 25 14:51:32  Opening connection to CMp.esignal.Com:2192 [dc8990]
Sep 25 14:51:32  Before open_channel_connection->WaitForMultipleObjects [df9c28]
Sep 25 14:51:32  Before open_channel_connection->WaitForMultipleObjects [de1298]
Sep 25 14:51:32  Opening connection to CMe.esignal.Com:2193 [de1298]
Sep 25 14:51:32  Opening connection to CMs.esignal.Com:2194 [df9c28]
Sep 25 14:51:32  Before open_channel_connection->WaitForMultipleObjects [dc8990]
Sep 25 14:51:32  Opening connection to CMq.esignal.Com:2192 [dc8990]
Sep 25 14:51:32  Before open_channel_connection->WaitForMultipleObjects [df9c28]
Sep 25 14:51:32  Before open_channel_connection->WaitForMultipleObjects [de1298]
Sep 25 14:51:32  Opening connection to CMt.esignal.Com:2194 [df9c28]
Sep 25 14:51:32  Opening connection to CMf.esignal.Com:2193 [de1298]
Sep 25 14:51:32  Before open_channel_connection->WaitForMultipleObjects [dc8990]
Sep 25 14:51:32  Opening connection to CMr.esignal.Com:2192 [dc8990]
Sep 25 14:51:32  Before open_channel_connection->WaitForMultipleObjects [df9c28]
Sep 25 14:51:32  Before open_channel_connection->WaitForMultipleObjects [de1298]
Sep 25 14:51:32  Opening connection to CMu.esignal.Com:2194 [df9c28]
Sep 25 14:51:32  Opening connection to CMg.esignal.Com:2193 [de1298]
Sep 25 14:51:32  Before open_channel_connection->WaitForMultipleObjects [dc8990]
Sep 25 14:51:32  Opening connection to CMs.esignal.Com:2192 [dc8990]
Sep 25 14:51:32  Before open_channel_connection->WaitForMultipleObjects [df9c28]
Sep 25 14:51:32  Before open_channel_connection->WaitForMultipleObjects [de1298]
Sep 25 14:51:32  Opening connection to CMv.esignal.Com:2194 [df9c28]
Sep 25 14:51:32  Opening connection to CMh.esignal.Com:2193 [de1298]
Sep 25 14:51:32  Before open_channel_connection->WaitForMultipleObjects [dc8990]
Sep 25 14:51:32  Opening connection to CMt.esignal.Com:2192 [dc8990]
Sep 25 14:51:32  Before open_channel_connection->WaitForMultipleObjects [df9c28]
Sep 25 14:51:32  Before open_channel_connection->WaitForMultipleObjects [de1298]
Sep 25 14:51:32  Opening connection to CMw.esignal.Com:2194 [df9c28]
Sep 25 14:51:32  Opening connection to CMi.esignal.Com:2193 [de1298]
Sep 25 14:51:32  Before open_channel_connection->WaitForMultipleObjects [dc8990]
Sep 25 14:51:32  Opening connection to CMu.esignal.Com:2192 [dc8990]
Sep 25 14:51:32  Before open_channel_connection->WaitForMultipleObjects [de1298]
Sep 25 14:51:32  Before open_channel_connection->WaitForMultipleObjects [df9c28]
Sep 25 14:51:32  Opening connection to CMj.esignal.Com:2193 [de1298]
Sep 25 14:51:32  Opening connection to CMx.esignal.Com:2194 [df9c28]
Sep 25 14:51:32  Before open_channel_connection->WaitForMultipleObjects [dc8990]
Sep 25 14:51:32  Opening connection to CMv.esignal.Com:2192 [dc8990]
Sep 25 14:51:32  Before open_channel_connection->WaitForMultipleObjects [df9c28]
Sep 25 14:51:32  Before open_channel_connection->WaitForMultipleObjects [de1298]
Sep 25 14:51:32  Opening connection to CMk.esignal.Com:2193 [de1298]
Sep 25 14:51:32  Opening connection to CMy.esignal.Com:2194 [df9c28]
Sep 25 14:51:32  Before open_channel_connection->WaitForMultipleObjects [dc8990]
Sep 25 14:51:32  Opening connection to CMw.esignal.Com:2192 [dc8990]
Sep 25 14:51:32  Before open_channel_connection->WaitForMultipleObjects [df9c28]
Sep 25 14:51:32  Before open_channel_connection->WaitForMultipleObjects [de1298]
Sep 25 14:51:32  Opening connection to CMl.esignal.Com:2193 [de1298]
Sep 25 14:51:32  Opening connection to CMz.esignal.Com:2194 [df9c28]
Sep 25 14:51:32  Before open_channel_connection->WaitForMultipleObjects [dc8990]
Sep 25 14:51:32  Opening connection to CMx.esignal.Com:2192 [dc8990]
Sep 25 14:51:32  Before open_channel_connection->WaitForMultipleObjects [de1298]
Sep 25 14:51:32  Error connecting to server [-112, df9c28]
Sep 25 14:51:32  Opening connection to CMm.esignal.Com:2193 [de1298]
Sep 25 14:51:32  Before open_channel_connection->WaitForMultipleObjects [dc8990]
Sep 25 14:51:32  Opening connection to CMy.esignal.Com:2192 [dc8990]
Sep 25 14:51:32  Before open_channel_connection->WaitForMultipleObjects [de1298]
Sep 25 14:51:32  Opening connection to CMn.esignal.Com:2193 [de1298]
Sep 25 14:51:32  Before open_channel_connection->WaitForMultipleObjects [dc8990]
Sep 25 14:51:32  Opening connection to CMz.esignal.Com:2192 [dc8990]
Sep 25 14:51:32  Before open_channel_connection->WaitForMultipleObjects [de1298]
Sep 25 14:51:32  Opening connection to CMo.esignal.Com:2193 [de1298]
Sep 25 14:51:32  Error connecting to server [-112, dc8990]
Sep 25 14:51:32  Before open_channel_connection->WaitForMultipleObjects [de1298]
Sep 25 14:51:32  Opening connection to CMp.esignal.Com:2193 [de1298]
Sep 25 14:51:32  Before open_channel_connection->WaitForMultipleObjects [de1298]
Sep 25 14:51:32  Opening connection to CMq.esignal.Com:2193 [de1298]
Sep 25 14:51:32  Before open_channel_connection->WaitForMultipleObjects [de1298]
Sep 25 14:51:32  Opening connection to CMr.esignal.Com:2193 [de1298]
Sep 25 14:51:32  Before open_channel_connection->WaitForMultipleObjects [de1298]
Sep 25 14:51:32  Opening connection to CMs.esignal.Com:2193 [de1298]
Sep 25 14:51:32  Before open_channel_connection->WaitForMultipleObjects [de1298]
Sep 25 14:51:32  Opening connection to CMt.esignal.Com:2193 [de1298]
Sep 25 14:51:32  Before open_channel_connection->WaitForMultipleObjects [de1298]
Sep 25 14:51:32  Opening connection to CMu.esignal.Com:2193 [de1298]
Sep 25 14:51:32  Before open_channel_connection->WaitForMultipleObjects [de1298]
Sep 25 14:51:32  Opening connection to CMv.esignal.Com:2193 [de1298]
Sep 25 14:51:32  Before open_channel_connection->WaitForMultipleObjects [de1298]
Sep 25 14:51:32  Opening connection to CMw.esignal.Com:2193 [de1298]
Sep 25 14:51:32  Before open_channel_connection->WaitForMultipleObjects [de1298]
Sep 25 14:51:32  Opening connection to CMx.esignal.Com:2193 [de1298]
Sep 25 14:51:32  Before open_channel_connection->WaitForMultipleObjects [de1298]
Sep 25 14:51:32  Opening connection to CMy.esignal.Com:2193 [de1298]
Sep 25 14:51:32  Before open_channel_connection->WaitForMultipleObjects [de1298]
Sep 25 14:51:32  Opening connection to CMz.esignal.Com:2193 [de1298]
Sep 25 14:51:32  Error connecting to server [-112, de1298]
Sep 25 14:51:42  Before open_channel_connection->WaitForMultipleObjects [df9c28]
Sep 25 14:51:42  Opening connection to CM1.esignal.Com:2194 [df9c28]
Sep 25 14:51:42  Opening connection to CM2.esignal.Com:2194 [df9c28]
Sep 25 14:51:42  Before open_channel_connection->WaitForMultipleObjects [df9c28]
Sep 25 14:51:42  Before open_channel_connection->WaitForMultipleObjects [df9c28]
Sep 25 14:51:42  Opening connection to CM3.esignal.Com:2194 [df9c28]
Sep 25 14:51:42  Before open_channel_connection->WaitForMultipleObjects [dc8990]
Sep 25 14:51:42  Opening connection to CM1.esignal.Com:2192 [dc8990]
Sep 25 14:51:42  Before open_channel_connection->WaitForMultipleObjects [df9c28]
Sep 25 14:51:42  Opening connection to CM4.esignal.Com:2194 [df9c28]
Sep 25 14:51:42  Before open_channel_connection->WaitForMultipleObjects [dc8990]
Sep 25 14:51:42  Opening connection to CM2.esignal.Com:2192 [dc8990]
Sep 25 14:51:42  Before open_channel_connection->WaitForMultipleObjects [df9c28]
Sep 25 14:51:42  Opening connection to CM5.esignal.Com:2194 [df9c28]
Sep 25 14:51:42  Before open_channel_connection->WaitForMultipleObjects [dc8990]
Sep 25 14:51:42  Opening connection to CM3.esignal.Com:2192 [dc8990]
Sep 25 14:51:42  Before open_channel_connection->WaitForMultipleObjects [df9c28]
Sep 25 14:51:42  Opening connection to CM6.esignal.Com:2194 [df9c28]
Sep 25 14:51:42  Before open_channel_connection->WaitForMultipleObjects [dc8990]
Sep 25 14:51:42  Opening connection to CM4.esignal.Com:2192 [dc8990]
Sep 25 14:51:42  Before open_channel_connection->WaitForMultipleObjects [df9c28]
Sep 25 14:51:42  Opening connection to CM7.esignal.Com:2194 [df9c28]
Sep 25 14:51:42  Before open_channel_connection->WaitForMultipleObjects [dc8990]
Sep 25 14:51:42  Opening connection to CM5.esignal.Com:2192 [dc8990]
Sep 25 14:51:42  Before open_channel_connection->WaitForMultipleObjects [df9c28]
Sep 25 14:51:42  Opening connection to CM8.esignal.Com:2194 [df9c28]
Sep 25 14:51:42  Before open_channel_connection->WaitForMultipleObjects [dc8990]
Sep 25 14:51:42  Opening connection to CM6.esignal.Com:2192 [dc8990]
Sep 25 14:51:42  Before open_channel_connection->WaitForMultipleObjects [df9c28]
Sep 25 14:51:42  Opening connection to CM9.esignal.Com:2194 [df9c28]
Sep 25 14:51:42  Before open_channel_connection->WaitForMultipleObjects [dc8990]
Sep 25 14:51:42  Opening connection to CM7.esignal.Com:2192 [dc8990]
Sep 25 14:51:42  Before open_channel_connection->WaitForMultipleObjects [df9c28]
Sep 25 14:51:42  Opening connection to CM0.esignal.Com:2194 [df9c28]
Sep 25 14:51:42  Before open_channel_connection->WaitForMultipleObjects [dc8990]
Sep 25 14:51:42  Opening connection to CM8.esignal.Com:2192 [dc8990]
Sep 25 14:51:42  Before open_channel_connection->WaitForMultipleObjects [df9c28]
Sep 25 14:51:42  Opening connection to CMa.esignal.Com:2194 [df9c28]
Sep 25 14:51:42  Before open_channel_connection->WaitForMultipleObjects [dc8990]
Sep 25 14:51:42  Opening connection to CM9.esignal.Com:2192 [dc8990]
Sep 25 14:51:42  Before open_channel_connection->WaitForMultipleObjects [df9c28]
Sep 25 14:51:42  Opening connection to CMb.esignal.Com:2194 [df9c28]
Sep 25 14:51:42  Before open_channel_connection->WaitForMultipleObjects [dc8990]
Sep 25 14:51:42  Opening connection to CM0.esignal.Com:2192 [dc8990]
Sep 25 14:51:42  Before open_channel_connection->WaitForMultipleObjects [df9c28]
Sep 25 14:51:42  Opening connection to CMc.esignal.Com:2194 [df9c28]
Sep 25 14:51:42  Before open_channel_connection->WaitForMultipleObjects [dc8990]
Sep 25 14:51:42  Opening connection to CMa.esignal.Com:2192 [dc8990]
Sep 25 14:51:42  Before open_channel_connection->WaitForMultipleObjects [df9c28]
Sep 25 14:51:42  Opening connection to CMd.esignal.Com:2194 [df9c28]
Sep 25 14:51:42  Before open_channel_connection->WaitForMultipleObjects [dc8990]
Sep 25 14:51:42  Opening connection to CMb.esignal.Com:2192 [dc8990]
Sep 25 14:51:42  Before open_channel_connection->WaitForMultipleObjects [de1298]
Sep 25 14:51:42  Before open_channel_connection->WaitForMultipleObjects [df9c28]
Sep 25 14:51:42  Opening connection to CM1.esignal.Com:2193 [de1298]
Sep 25 14:51:42  Opening connection to CMe.esignal.Com:2194 [df9c28]
Sep 25 14:51:42  Before open_channel_connection->WaitForMultipleObjects [dc8990]
Sep 25 14:51:42  Opening connection to CMc.esignal.Com:2192 [dc8990]
Sep 25 14:51:42  Before open_channel_connection->WaitForMultipleObjects [de1298]
Sep 25 14:51:42  Opening connection to CM2.esignal.Com:2193 [de1298]
Sep 25 14:51:42  Before open_channel_connection->WaitForMultipleObjects [df9c28]
Sep 25 14:51:42  Before open_channel_connection->WaitForMultipleObjects [dc8990]
Sep 25 14:51:42  Opening connection to CMf.esignal.Com:2194 [df9c28]
Sep 25 14:51:42  Opening connection to CMd.esignal.Com:2192 [dc8990]
Sep 25 14:51:42  Before open_channel_connection->WaitForMultipleObjects [de1298]
Sep 25 14:51:42  Opening connection to CM3.esignal.Com:2193 [de1298]
Sep 25 14:51:42  Before open_channel_connection->WaitForMultipleObjects [df9c28]
Sep 25 14:51:42  Opening connection to CMg.esignal.Com:2194 [df9c28]
Sep 25 14:51:42  Before open_channel_connection->WaitForMultipleObjects [dc8990]
Sep 25 14:51:42  Before open_channel_connection->WaitForMultipleObjects [de1298]
Sep 25 14:51:42  Opening connection to CM4.esignal.Com:2193 [de1298]
Sep 25 14:51:42  Opening connection to CMe.esignal.Com:2192 [dc8990]
Sep 25 14:51:42  Before open_channel_connection->WaitForMultipleObjects [df9c28]
Sep 25 14:51:42  Opening connection to CMh.esignal.Com:2194 [df9c28]
Sep 25 14:51:42  Before open_channel_connection->WaitForMultipleObjects [de1298]
Sep 25 14:51:42  Opening connection to CM5.esignal.Com:2193 [de1298]
Sep 25 14:51:42  Before open_channel_connection->WaitForMultipleObjects [dc8990]
Sep 25 14:51:42  Opening connection to CMf.esignal.Com:2192 [dc8990]
Sep 25 14:51:42  Before open_channel_connection->WaitForMultipleObjects [df9c28]
Sep 25 14:51:42  Opening connection to CMi.esignal.Com:2194 [df9c28]
Sep 25 14:51:42  Before open_channel_connection->WaitForMultipleObjects [de1298]
Sep 25 14:51:42  Opening connection to CM6.esignal.Com:2193 [de1298]
Sep 25 14:51:42  Before open_channel_connection->WaitForMultipleObjects [dc8990]
Sep 25 14:51:42  Before open_channel_connection->WaitForMultipleObjects [df9c28]
Sep 25 14:51:42  Opening connection to CMj.esignal.Com:2194 [df9c28]
Sep 25 14:51:42  Opening connection to CMg.esignal.Com:2192 [dc8990]
Sep 25 14:51:43  Before open_channel_connection->WaitForMultipleObjects [de1298]
Sep 25 14:51:43  Opening connection to CM7.esignal.Com:2193 [de1298]
Sep 25 14:51:43  Before open_channel_connection->WaitForMultipleObjects [df9c28]
Sep 25 14:51:43  Opening connection to CMk.esignal.Com:2194 [df9c28]
Sep 25 14:51:43  Before open_channel_connection->WaitForMultipleObjects [de1298]
Sep 25 14:51:43  Opening connection to CMh.esignal.Com:2192 [dc8990]
Sep 25 14:51:43  Before open_channel_connection->WaitForMultipleObjects [dc8990]
Sep 25 14:51:43  Opening connection to CM8.esignal.Com:2193 [de1298]
Sep 25 14:51:43  Before open_channel_connection->WaitForMultipleObjects [df9c28]
Sep 25 14:51:43  Opening connection to CMl.esignal.Com:2194 [df9c28]
Sep 25 14:51:43  Before open_channel_connection->WaitForMultipleObjects [dc8990]
Sep 25 14:51:43  Opening connection to CMi.esignal.Com:2192 [dc8990]
Sep 25 14:51:43  Before open_channel_connection->WaitForMultipleObjects [df9c28]
Sep 25 14:51:43  Opening connection to CMm.esignal.Com:2194 [df9c28]
Sep 25 14:51:43  Opening connection to CM9.esignal.Com:2193 [de1298]
Sep 25 14:51:43  Before open_channel_connection->WaitForMultipleObjects [de1298]
Sep 25 14:51:43  Before open_channel_connection->WaitForMultipleObjects [dc8990]
Sep 25 14:51:43  Opening connection to CMj.esignal.Com:2192 [dc8990]
Sep 25 14:51:43  Before open_channel_connection->WaitForMultipleObjects [df9c28]
Sep 25 14:51:43  Opening connection to CMn.esignal.Com:2194 [df9c28]
Sep 25 14:51:43  Before open_channel_connection->WaitForMultipleObjects [dc8990]
Sep 25 14:51:43  Before open_channel_connection->WaitForMultipleObjects [de1298]
Sep 25 14:51:43  Opening connection to CM0.esignal.Com:2193 [de1298]
Sep 25 14:51:43  Opening connection to CMk.esignal.Com:2192 [dc8990]
Sep 25 14:51:43  Before open_channel_connection->WaitForMultipleObjects [df9c28]
Sep 25 14:51:43  Opening connection to CMo.esignal.Com:2194 [df9c28]
Sep 25 14:51:43  Before open_channel_connection->WaitForMultipleObjects [de1298]
Sep 25 14:51:43  Opening connection to CMa.esignal.Com:2193 [de1298]
Sep 25 14:51:43  Before open_channel_connection->WaitForMultipleObjects [dc8990]
Sep 25 14:51:43  Opening connection to CMp.esignal.Com:2194 [df9c28]
Sep 25 14:51:43  Opening connection to CMl.esignal.Com:2192 [dc8990]
Sep 25 14:51:43  Before open_channel_connection->WaitForMultipleObjects [df9c28]
Sep 25 14:51:43  Before open_channel_connection->WaitForMultipleObjects [de1298]
Sep 25 14:51:43  Opening connection to CMb.esignal.Com:2193 [de1298]
Sep 25 14:51:43  Before open_channel_connection->WaitForMultipleObjects [df9c28]
Sep 25 14:51:43  Before open_channel_connection->WaitForMultipleObjects [dc8990]
Sep 25 14:51:43  Opening connection to CMq.esignal.Com:2194 [df9c28]
Sep 25 14:51:43  Opening connection to CMm.esignal.Com:2192 [dc8990]
Sep 25 14:51:43  Opening connection to CMc.esignal.Com:2193 [de1298]
Sep 25 14:51:43  Before open_channel_connection->WaitForMultipleObjects [de1298]
Sep 25 14:51:43  Before open_channel_connection->WaitForMultipleObjects [df9c28]
Sep 25 14:51:43  Opening connection to CMr.esignal.Com:2194 [df9c28]
Sep 25 14:51:43  Before open_channel_connection->WaitForMultipleObjects [dc8990]
Sep 25 14:51:43  Opening connection to CMn.esignal.Com:2192 [dc8990]
Sep 25 14:51:43  Before open_channel_connection->WaitForMultipleObjects [de1298]
Sep 25 14:51:43  Opening connection to CMd.esignal.Com:2193 [de1298]
Sep 25 14:51:43  Before open_channel_connection->WaitForMultipleObjects [df9c28]
Sep 25 14:51:43  Opening connection to CMs.esignal.Com:2194 [df9c28]
Sep 25 14:51:43  Before open_channel_connection->WaitForMultipleObjects [dc8990]
Sep 25 14:51:43  Opening connection to CMo.esignal.Com:2192 [dc8990]
Sep 25 14:51:43  Before open_channel_connection->WaitForMultipleObjects [de1298]
Sep 25 14:51:43  Opening connection to CMe.esignal.Com:2193 [de1298]
Sep 25 14:51:43  Before open_channel_connection->WaitForMultipleObjects [df9c28]
Sep 25 14:51:43  Opening connection to CMt.esignal.Com:2194 [df9c28]
Sep 25 14:51:43  Before open_channel_connection->WaitForMultipleObjects [dc8990]
Sep 25 14:51:43  Before open_channel_connection->WaitForMultipleObjects [de1298]
Sep 25 14:51:43  Opening connection to CMf.esignal.Com:2193 [de1298]
Sep 25 14:51:43  Opening connection to CMp.esignal.Com:2192 [dc8990]
Sep 25 14:51:43  Before open_channel_connection->WaitForMultipleObjects [df9c28]
Sep 25 14:51:43  Opening connection to CMu.esignal.Com:2194 [df9c28]
Sep 25 14:51:43  Before open_channel_connection->WaitForMultipleObjects [de1298]
Sep 25 14:51:43  Opening connection to CMg.esignal.Com:2193 [de1298]
Sep 25 14:51:43  Before open_channel_connection->WaitForMultipleObjects [dc8990]
Sep 25 14:51:43  Before open_channel_connection->WaitForMultipleObjects [df9c28]
Sep 25 14:51:43  Opening connection to CMq.esignal.Com:2192 [dc8990]
Sep 25 14:51:43  Opening connection to CMv.esignal.Com:2194 [df9c28]
Sep 25 14:51:43  Before open_channel_connection->WaitForMultipleObjects [de1298]
Sep 25 14:51:43  Opening connection to CMh.esignal.Com:2193 [de1298]
Sep 25 14:51:43  Before open_channel_connection->WaitForMultipleObjects [dc8990]
Sep 25 14:51:43  Opening connection to CMr.esignal.Com:2192 [dc8990]
Sep 25 14:51:43  Before open_channel_connection->WaitForMultipleObjects [df9c28]
Sep 25 14:51:43  Before open_channel_connection->WaitForMultipleObjects [de1298]
Sep 25 14:51:43  Opening connection to CMw.esignal.Com:2194 [df9c28]
Sep 25 14:51:43  Opening connection to CMi.esignal.Com:2193 [de1298]
Sep 25 14:51:43  Before open_channel_connection->WaitForMultipleObjects [dc8990]
Sep 25 14:51:43  Opening connection to CMs.esignal.Com:2192 [dc8990]
Sep 25 14:51:43  Before open_channel_connection->WaitForMultipleObjects [df9c28]
Sep 25 14:51:43  Opening connection to CMx.esignal.Com:2194 [df9c28]
Sep 25 14:51:43  Before open_channel_connection->WaitForMultipleObjects [dc8990]
Sep 25 14:51:43  Before open_channel_connection->WaitForMultipleObjects [de1298]
Sep 25 14:51:43  Opening connection to CMt.esignal.Com:2192 [dc8990]
Sep 25 14:51:43  Opening connection to CMj.esignal.Com:2193 [de1298]
Sep 25 14:51:43  Before open_channel_connection->WaitForMultipleObjects [df9c28]
Sep 25 14:51:43  Opening connection to CMy.esignal.Com:2194 [df9c28]
Sep 25 14:51:43  Before open_channel_connection->WaitForMultipleObjects [df9c28]
Sep 25 14:51:43  Opening connection to CMu.esignal.Com:2192 [dc8990]
Sep 25 14:51:43  Before open_channel_connection->WaitForMultipleObjects [dc8990]
Sep 25 14:51:43  Opening connection to CMz.esignal.Com:2194 [df9c28]
Sep 25 14:51:43  Before open_channel_connection->WaitForMultipleObjects [de1298]
Sep 25 14:51:43  Opening connection to CMk.esignal.Com:2193 [de1298]
Sep 25 14:51:43  Before open_channel_connection->WaitForMultipleObjects [dc8990]
Sep 25 14:51:43  Opening connection to CMv.esignal.Com:2192 [dc8990]
Sep 25 14:51:43  Error connecting to server [-112, df9c28]
Sep 25 14:51:43  Before open_channel_connection->WaitForMultipleObjects [de1298]
Sep 25 14:51:43  Opening connection to CMl.esignal.Com:2193 [de1298]
Sep 25 14:51:43  Before open_channel_connection->WaitForMultipleObjects [dc8990]
Sep 25 14:51:43  Opening connection to CMw.esignal.Com:2192 [dc8990]
Sep 25 14:51:43  Before open_channel_connection->WaitForMultipleObjects [de1298]
Sep 25 14:51:43  Opening connection to CMm.esignal.Com:2193 [de1298]
Sep 25 14:51:43  Before open_channel_connection->WaitForMultipleObjects [dc8990]
Sep 25 14:51:43  Opening connection to CMx.esignal.Com:2192 [dc8990]
Sep 25 14:51:43  Before open_channel_connection->WaitForMultipleObjects [dc8990]
Sep 25 14:51:43  Before open_channel_connection->WaitForMultipleObjects [de1298]
Sep 25 14:51:43  Opening connection to CMy.esignal.Com:2192 [dc8990]
Sep 25 14:51:43  Opening connection to CMn.esignal.Com:2193 [de1298]
Sep 25 14:51:43  Before open_channel_connection->WaitForMultipleObjects [dc8990]
Sep 25 14:51:43  Opening connection to CMz.esignal.Com:2192 [dc8990]
Sep 25 14:51:43  Before open_channel_connection->WaitForMultipleObjects [de1298]
Sep 25 14:51:43  Opening connection to CMo.esignal.Com:2193 [de1298]
Sep 25 14:51:43  Error connecting to server [-112, dc8990]
Sep 25 14:51:43  Before open_channel_connection->WaitForMultipleObjects [de1298]
Sep 25 14:51:43  Opening connection to CMp.esignal.Com:2193 [de1298]
Sep 25 14:51:43  Before open_channel_connection->WaitForMultipleObjects [de1298]
Sep 25 14:51:43  Opening connection to CMq.esignal.Com:2193 [de1298]
Sep 25 14:51:43  Before open_channel_connection->WaitForMultipleObjects [de1298]
Sep 25 14:51:43  Opening connection to CMr.esignal.Com:2193 [de1298]
Sep 25 14:51:43  Before open_channel_connection->WaitForMultipleObjects [de1298]
Sep 25 14:51:43  Opening connection to CMs.esignal.Com:2193 [de1298]
Sep 25 14:51:43  Before open_channel_connection->WaitForMultipleObjects [de1298]
Sep 25 14:51:43  Opening connection to CMt.esignal.Com:2193 [de1298]
Sep 25 14:51:43  Before open_channel_connection->WaitForMultipleObjects [de1298]
Sep 25 14:51:43  Opening connection to CMu.esignal.Com:2193 [de1298]
Sep 25 14:51:43  Before open_channel_connection->WaitForMultipleObjects [de1298]
Sep 25 14:51:43  Opening connection to CMv.esignal.Com:2193 [de1298]
Sep 25 14:51:43  Before open_channel_connection->WaitForMultipleObjects [de1298]
Sep 25 14:51:43  Opening connection to CMw.esignal.Com:2193 [de1298]
Sep 25 14:51:44  Before open_channel_connection->WaitForMultipleObjects [de1298]
Sep 25 14:51:44  Opening connection to CMx.esignal.Com:2193 [de1298]
Sep 25 14:51:44  Before open_channel_connection->WaitForMultipleObjects [de1298]
Sep 25 14:51:44  Opening connection to CMy.esignal.Com:2193 [de1298]
Sep 25 14:51:44  Before open_channel_connection->WaitForMultipleObjects [de1298]
Sep 25 14:51:44  Opening connection to CMz.esignal.Com:2193 [de1298]
Sep 25 14:51:44  Error connecting to server [-112, de1298]
